[*] Iniciando aplicacion...
2025-11-30 19:41:48,528 INFO sqlalchemy.engine.Engine BEGIN (implicit)
2025-11-30 19:41:48,530 INFO sqlalchemy.engine.Engine PRAGMA main.table_info("usuarios")
2025-11-30 19:41:48,530 INFO sqlalchemy.engine.Engine [raw sql] ()
2025-11-30 19:41:48,534 INFO sqlalchemy.engine.Engine PRAGMA main.table_info("donadoras")
2025-11-30 19:41:48,536 INFO sqlalchemy.engine.Engine [raw sql] ()
2025-11-30 19:41:48,537 INFO sqlalchemy.engine.Engine PRAGMA main.table_info("sesiones_opu")
2025-11-30 19:41:48,538 INFO sqlalchemy.engine.Engine [raw sql] ()
2025-11-30 19:41:48,540 INFO sqlalchemy.engine.Engine PRAGMA main.table_info("extraccion_donadoras")
2025-11-30 19:41:48,541 INFO sqlalchemy.engine.Engine [raw sql] ()
2025-11-30 19:41:48,542 INFO sqlalchemy.engine.Engine PRAGMA main.table_info("fecundaciones")
2025-11-30 19:41:48,542 INFO sqlalchemy.engine.Engine [raw sql] ()
2025-11-30 19:41:48,543 INFO sqlalchemy.engine.Engine PRAGMA main.table_info("sesiones_transferencia")
2025-11-30 19:41:48,543 INFO sqlalchemy.engine.Engine [raw sql] ()
2025-11-30 19:41:48,544 INFO sqlalchemy.engine.Engine PRAGMA main.table_info("transferencias_realizadas")
2025-11-30 19:41:48,544 INFO sqlalchemy.engine.Engine [raw sql] ()
2025-11-30 19:41:48,545 INFO sqlalchemy.engine.Engine PRAGMA main.table_info("chequeos_gfe")
2025-11-30 19:41:48,545 INFO sqlalchemy.engine.Engine [raw sql] ()
2025-11-30 19:41:48,545 INFO sqlalchemy.engine.Engine PRAGMA main.table_info("fotos")
2025-11-30 19:41:48,545 INFO sqlalchemy.engine.Engine [raw sql] ()
2025-11-30 19:41:48,546 INFO sqlalchemy.engine.Engine PRAGMA main.table_info("drafts")
2025-11-30 19:41:48,546 INFO sqlalchemy.engine.Engine [raw sql] ()
2025-11-30 19:41:48,547 INFO sqlalchemy.engine.Engine COMMIT
