INFO:     Will watch for changes in these directories: ['D:\\Documentos\\Aplicacion Embriones\\backend']
INFO:     Uvicorn running on http://0.0.0.0:8000 (Press CTRL+C to quit)
INFO:     Started reloader process [2428] using WatchFiles
Process SpawnProcess-1:
Traceback (most recent call last):
  File "C:\Program Files\WindowsApps\PythonSoftwareFoundation.Python.3.11_3.11.2544.0_x64__qbz5n2kfra8p0\Lib\multiprocessing\process.py", line 314, in _bootstrap
    self.run()
  File "C:\Program Files\WindowsApps\PythonSoftwareFoundation.Python.3.11_3.11.2544.0_x64__qbz5n2kfra8p0\Lib\multiprocessing\process.py", line 108, in run
    self._target(*self._args, **self._kwargs)
  File "D:\Documentos\Aplicacion Embriones\backend\venv\Lib\site-packages\uvicorn\_subprocess.py", line 80, in subprocess_started
    target(sockets=sockets)
  File "D:\Documentos\Aplicacion Embriones\backend\venv\Lib\site-packages\uvicorn\server.py", line 65, in run
    return asyncio.run(self.serve(sockets=sockets))
           ^^^^^^^^^^^^^^^^^^^^^^^^^^^^^^^^^^^^^^^^
  File "C:\Program Files\WindowsApps\PythonSoftwareFoundation.Python.3.11_3.11.2544.0_x64__qbz5n2kfra8p0\Lib\asyncio\runners.py", line 190, in run
    return runner.run(main)
           ^^^^^^^^^^^^^^^^
  File "C:\Program Files\WindowsApps\PythonSoftwareFoundation.Python.3.11_3.11.2544.0_x64__qbz5n2kfra8p0\Lib\asyncio\runners.py", line 118, in run
    return self._loop.run_until_complete(task)
           ^^^^^^^^^^^^^^^^^^^^^^^^^^^^^^^^^^^
  File "C:\Program Files\WindowsApps\PythonSoftwareFoundation.Python.3.11_3.11.2544.0_x64__qbz5n2kfra8p0\Lib\asyncio\base_events.py", line 654, in run_until_complete
    return future.result()
           ^^^^^^^^^^^^^^^
  File "D:\Documentos\Aplicacion Embriones\backend\venv\Lib\site-packages\uvicorn\server.py", line 69, in serve
    await self._serve(sockets)
  File "D:\Documentos\Aplicacion Embriones\backend\venv\Lib\site-packages\uvicorn\server.py", line 76, in _serve
    config.load()
  File "D:\Documentos\Aplicacion Embriones\backend\venv\Lib\site-packages\uvicorn\config.py", line 434, in load
    self.loaded_app = import_from_string(self.app)
                      ^^^^^^^^^^^^^^^^^^^^^^^^^^^^
  File "D:\Documentos\Aplicacion Embriones\backend\venv\Lib\site-packages\uvicorn\importer.py", line 22, in import_from_string
    raise exc from None
  File "D:\Documentos\Aplicacion Embriones\backend\venv\Lib\site-packages\uvicorn\importer.py", line 19, in import_from_string
    module = importlib.import_module(module_str)
             ^^^^^^^^^^^^^^^^^^^^^^^^^^^^^^^^^^^
  File "C:\Program Files\WindowsApps\PythonSoftwareFoundation.Python.3.11_3.11.2544.0_x64__qbz5n2kfra8p0\Lib\importlib\__init__.py", line 126, in import_module
    return _bootstrap._gcd_import(name[level:], package, level)
           ^^^^^^^^^^^^^^^^^^^^^^^^^^^^^^^^^^^^^^^^^^^^^^^^^^^^
  File "<frozen importlib._bootstrap>", line 1204, in _gcd_import
  File "<frozen importlib._bootstrap>", line 1176, in _find_and_load
  File "<frozen importlib._bootstrap>", line 1147, in _find_and_load_unlocked
  File "<frozen importlib._bootstrap>", line 690, in _load_unlocked
  File "<frozen importlib._bootstrap_external>", line 940, in exec_module
  File "<frozen importlib._bootstrap>", line 241, in _call_with_frames_removed
  File "D:\Documentos\Aplicacion Embriones\backend\app\main.py", line 12, in <module>
    from .presentation.api.v1.router import api_router
  File "D:\Documentos\Aplicacion Embriones\backend\app\presentation\api\v1\router.py", line 6, in <module>
    from .endpoints import auth, donadoras, drafts, opu, fecundacion, transferencia, gfe, fotos
  File "D:\Documentos\Aplicacion Embriones\backend\app\presentation\api\v1\endpoints\__init__.py", line 4, in <module>
    from . import auth, donadoras, drafts, opu, fecundacion, transferencia, gfe, fotos
  File "D:\Documentos\Aplicacion Embriones\backend\app\presentation\api\v1\endpoints\donadoras.py", line 14, in <module>
    from app.core.cloudinary_service import upload_image, delete_image
  File "D:\Documentos\Aplicacion Embriones\backend\app\core\cloudinary_service.py", line 5, in <module>
    import cloudinary
ModuleNotFoundError: No module named 'cloudinary'
WARNING:  WatchFiles detected changes in 'tmp_ins_obs.py'. Reloading...
WARNING:  WatchFiles detected changes in 'tmp_ins_obs.py', 'app\infrastructure\database\models.py'. Reloading...
Process SpawnProcess-2:
Traceback (most recent call last):
  File "C:\Program Files\WindowsApps\PythonSoftwareFoundation.Python.3.11_3.11.2544.0_x64__qbz5n2kfra8p0\Lib\multiprocessing\process.py", line 314, in _bootstrap
    self.run()
  File "C:\Program Files\WindowsApps\PythonSoftwareFoundation.Python.3.11_3.11.2544.0_x64__qbz5n2kfra8p0\Lib\multiprocessing\process.py", line 108, in run
    self._target(*self._args, **self._kwargs)
  File "D:\Documentos\Aplicacion Embriones\backend\venv\Lib\site-packages\uvicorn\_subprocess.py", line 80, in subprocess_started
    target(sockets=sockets)
  File "D:\Documentos\Aplicacion Embriones\backend\venv\Lib\site-packages\uvicorn\server.py", line 65, in run
    return asyncio.run(self.serve(sockets=sockets))
           ^^^^^^^^^^^^^^^^^^^^^^^^^^^^^^^^^^^^^^^^
  File "C:\Program Files\WindowsApps\PythonSoftwareFoundation.Python.3.11_3.11.2544.0_x64__qbz5n2kfra8p0\Lib\asyncio\runners.py", line 190, in run
    return runner.run(main)
           ^^^^^^^^^^^^^^^^
  File "C:\Program Files\WindowsApps\PythonSoftwareFoundation.Python.3.11_3.11.2544.0_x64__qbz5n2kfra8p0\Lib\asyncio\runners.py", line 118, in run
    return self._loop.run_until_complete(task)
           ^^^^^^^^^^^^^^^^^^^^^^^^^^^^^^^^^^^
  File "C:\Program Files\WindowsApps\PythonSoftwareFoundation.Python.3.11_3.11.2544.0_x64__qbz5n2kfra8p0\Lib\asyncio\base_events.py", line 654, in run_until_complete
    return future.result()
           ^^^^^^^^^^^^^^^
  File "D:\Documentos\Aplicacion Embriones\backend\venv\Lib\site-packages\uvicorn\server.py", line 69, in serve
    await self._serve(sockets)
  File "D:\Documentos\Aplicacion Embriones\backend\venv\Lib\site-packages\uvicorn\server.py", line 76, in _serve
    config.load()
  File "D:\Documentos\Aplicacion Embriones\backend\venv\Lib\site-packages\uvicorn\config.py", line 434, in load
    self.loaded_app = import_from_string(self.app)
                      ^^^^^^^^^^^^^^^^^^^^^^^^^^^^
  File "D:\Documentos\Aplicacion Embriones\backend\venv\Lib\site-packages\uvicorn\importer.py", line 22, in import_from_string
    raise exc from None
  File "D:\Documentos\Aplicacion Embriones\backend\venv\Lib\site-packages\uvicorn\importer.py", line 19, in import_from_string
    module = importlib.import_module(module_str)
             ^^^^^^^^^^^^^^^^^^^^^^^^^^^^^^^^^^^
  File "C:\Program Files\WindowsApps\PythonSoftwareFoundation.Python.3.11_3.11.2544.0_x64__qbz5n2kfra8p0\Lib\importlib\__init__.py", line 126, in import_module
    return _bootstrap._gcd_import(name[level:], package, level)
           ^^^^^^^^^^^^^^^^^^^^^^^^^^^^^^^^^^^^^^^^^^^^^^^^^^^^
  File "<frozen importlib._bootstrap>", line 1204, in _gcd_import
  File "<frozen importlib._bootstrap>", line 1176, in _find_and_load
  File "<frozen importlib._bootstrap>", line 1147, in _find_and_load_unlocked
  File "<frozen importlib._bootstrap>", line 690, in _load_unlocked
  File "<frozen importlib._bootstrap_external>", line 940, in exec_module
  File "<frozen importlib._bootstrap>", line 241, in _call_with_frames_removed
  File "D:\Documentos\Aplicacion Embriones\backend\app\main.py", line 12, in <module>
    from .presentation.api.v1.router import api_router
  File "D:\Documentos\Aplicacion Embriones\backend\app\presentation\api\v1\router.py", line 6, in <module>
    from .endpoints import auth, donadoras, drafts, opu, fecundacion, transferencia, gfe, fotos
  File "D:\Documentos\Aplicacion Embriones\backend\app\presentation\api\v1\endpoints\__init__.py", line 4, in <module>
    from . import auth, donadoras, drafts, opu, fecundacion, transferencia, gfe, fotos
  File "D:\Documentos\Aplicacion Embriones\backend\app\presentation\api\v1\endpoints\donadoras.py", line 14, in <module>
    from app.core.cloudinary_service import upload_image, delete_image
  File "D:\Documentos\Aplicacion Embriones\backend\app\core\cloudinary_service.py", line 5, in <module>
    import cloudinary
ModuleNotFoundError: No module named 'cloudinary'
Process SpawnProcess-3:
Traceback (most recent call last):
  File "C:\Program Files\WindowsApps\PythonSoftwareFoundation.Python.3.11_3.11.2544.0_x64__qbz5n2kfra8p0\Lib\multiprocessing\process.py", line 314, in _bootstrap
    self.run()
  File "C:\Program Files\WindowsApps\PythonSoftwareFoundation.Python.3.11_3.11.2544.0_x64__qbz5n2kfra8p0\Lib\multiprocessing\process.py", line 108, in run
    self._target(*self._args, **self._kwargs)
  File "D:\Documentos\Aplicacion Embriones\backend\venv\Lib\site-packages\uvicorn\_subprocess.py", line 80, in subprocess_started
    target(sockets=sockets)
  File "D:\Documentos\Aplicacion Embriones\backend\venv\Lib\site-packages\uvicorn\server.py", line 65, in run
    return asyncio.run(self.serve(sockets=sockets))
           ^^^^^^^^^^^^^^^^^^^^^^^^^^^^^^^^^^^^^^^^
  File "C:\Program Files\WindowsApps\PythonSoftwareFoundation.Python.3.11_3.11.2544.0_x64__qbz5n2kfra8p0\Lib\asyncio\runners.py", line 190, in run
    return runner.run(main)
           ^^^^^^^^^^^^^^^^
  File "C:\Program Files\WindowsApps\PythonSoftwareFoundation.Python.3.11_3.11.2544.0_x64__qbz5n2kfra8p0\Lib\asyncio\runners.py", line 118, in run
    return self._loop.run_until_complete(task)
           ^^^^^^^^^^^^^^^^^^^^^^^^^^^^^^^^^^^
  File "C:\Program Files\WindowsApps\PythonSoftwareFoundation.Python.3.11_3.11.2544.0_x64__qbz5n2kfra8p0\Lib\asyncio\base_events.py", line 654, in run_until_complete
    return future.result()
           ^^^^^^^^^^^^^^^
  File "D:\Documentos\Aplicacion Embriones\backend\venv\Lib\site-packages\uvicorn\server.py", line 69, in serve
    await self._serve(sockets)
  File "D:\Documentos\Aplicacion Embriones\backend\venv\Lib\site-packages\uvicorn\server.py", line 76, in _serve
    config.load()
  File "D:\Documentos\Aplicacion Embriones\backend\venv\Lib\site-packages\uvicorn\config.py", line 434, in load
    self.loaded_app = import_from_string(self.app)
                      ^^^^^^^^^^^^^^^^^^^^^^^^^^^^
  File "D:\Documentos\Aplicacion Embriones\backend\venv\Lib\site-packages\uvicorn\importer.py", line 22, in import_from_string
    raise exc from None
  File "D:\Documentos\Aplicacion Embriones\backend\venv\Lib\site-packages\uvicorn\importer.py", line 19, in import_from_string
    module = importlib.import_module(module_str)
             ^^^^^^^^^^^^^^^^^^^^^^^^^^^^^^^^^^^
  File "C:\Program Files\WindowsApps\PythonSoftwareFoundation.Python.3.11_3.11.2544.0_x64__qbz5n2kfra8p0\Lib\importlib\__init__.py", line 126, in import_module
    return _bootstrap._gcd_import(name[level:], package, level)
           ^^^^^^^^^^^^^^^^^^^^^^^^^^^^^^^^^^^^^^^^^^^^^^^^^^^^
  File "<frozen importlib._bootstrap>", line 1204, in _gcd_import
  File "<frozen importlib._bootstrap>", line 1176, in _find_and_load
  File "<frozen importlib._bootstrap>", line 1147, in _find_and_load_unlocked
  File "<frozen importlib._bootstrap>", line 690, in _load_unlocked
  File "<frozen importlib._bootstrap_external>", line 940, in exec_module
  File "<frozen importlib._bootstrap>", line 241, in _call_with_frames_removed
  File "D:\Documentos\Aplicacion Embriones\backend\app\main.py", line 12, in <module>
    from .presentation.api.v1.router import api_router
  File "D:\Documentos\Aplicacion Embriones\backend\app\presentation\api\v1\router.py", line 6, in <module>
    from .endpoints import auth, donadoras, drafts, opu, fecundacion, transferencia, gfe, fotos
  File "D:\Documentos\Aplicacion Embriones\backend\app\presentation\api\v1\endpoints\__init__.py", line 4, in <module>
    from . import auth, donadoras, drafts, opu, fecundacion, transferencia, gfe, fotos
  File "D:\Documentos\Aplicacion Embriones\backend\app\presentation\api\v1\endpoints\donadoras.py", line 14, in <module>
    from app.core.cloudinary_service import upload_image, delete_image
  File "D:\Documentos\Aplicacion Embriones\backend\app\core\cloudinary_service.py", line 5, in <module>
    import cloudinary
ModuleNotFoundError: No module named 'cloudinary'
WARNING:  WatchFiles detected changes in 'app\infrastructure\repositories\opu_repository.py'. Reloading...
Process SpawnProcess-4:
Traceback (most recent call last):
  File "C:\Program Files\WindowsApps\PythonSoftwareFoundation.Python.3.11_3.11.2544.0_x64__qbz5n2kfra8p0\Lib\multiprocessing\process.py", line 314, in _bootstrap
    self.run()
  File "C:\Program Files\WindowsApps\PythonSoftwareFoundation.Python.3.11_3.11.2544.0_x64__qbz5n2kfra8p0\Lib\multiprocessing\process.py", line 108, in run
    self._target(*self._args, **self._kwargs)
  File "D:\Documentos\Aplicacion Embriones\backend\venv\Lib\site-packages\uvicorn\_subprocess.py", line 80, in subprocess_started
    target(sockets=sockets)
  File "D:\Documentos\Aplicacion Embriones\backend\venv\Lib\site-packages\uvicorn\server.py", line 65, in run
    return asyncio.run(self.serve(sockets=sockets))
           ^^^^^^^^^^^^^^^^^^^^^^^^^^^^^^^^^^^^^^^^
  File "C:\Program Files\WindowsApps\PythonSoftwareFoundation.Python.3.11_3.11.2544.0_x64__qbz5n2kfra8p0\Lib\asyncio\runners.py", line 190, in run
    return runner.run(main)
           ^^^^^^^^^^^^^^^^
  File "C:\Program Files\WindowsApps\PythonSoftwareFoundation.Python.3.11_3.11.2544.0_x64__qbz5n2kfra8p0\Lib\asyncio\runners.py", line 118, in run
    return self._loop.run_until_complete(task)
           ^^^^^^^^^^^^^^^^^^^^^^^^^^^^^^^^^^^
  File "C:\Program Files\WindowsApps\PythonSoftwareFoundation.Python.3.11_3.11.2544.0_x64__qbz5n2kfra8p0\Lib\asyncio\base_events.py", line 654, in run_until_complete
    return future.result()
           ^^^^^^^^^^^^^^^
  File "D:\Documentos\Aplicacion Embriones\backend\venv\Lib\site-packages\uvicorn\server.py", line 69, in serve
    await self._serve(sockets)
  File "D:\Documentos\Aplicacion Embriones\backend\venv\Lib\site-packages\uvicorn\server.py", line 76, in _serve
    config.load()
  File "D:\Documentos\Aplicacion Embriones\backend\venv\Lib\site-packages\uvicorn\config.py", line 434, in load
    self.loaded_app = import_from_string(self.app)
                      ^^^^^^^^^^^^^^^^^^^^^^^^^^^^
  File "D:\Documentos\Aplicacion Embriones\backend\venv\Lib\site-packages\uvicorn\importer.py", line 22, in import_from_string
    raise exc from None
  File "D:\Documentos\Aplicacion Embriones\backend\venv\Lib\site-packages\uvicorn\importer.py", line 19, in import_from_string
    module = importlib.import_module(module_str)
             ^^^^^^^^^^^^^^^^^^^^^^^^^^^^^^^^^^^
  File "C:\Program Files\WindowsApps\PythonSoftwareFoundation.Python.3.11_3.11.2544.0_x64__qbz5n2kfra8p0\Lib\importlib\__init__.py", line 126, in import_module
    return _bootstrap._gcd_import(name[level:], package, level)
           ^^^^^^^^^^^^^^^^^^^^^^^^^^^^^^^^^^^^^^^^^^^^^^^^^^^^
  File "<frozen importlib._bootstrap>", line 1204, in _gcd_import
  File "<frozen importlib._bootstrap>", line 1176, in _find_and_load
  File "<frozen importlib._bootstrap>", line 1147, in _find_and_load_unlocked
  File "<frozen importlib._bootstrap>", line 690, in _load_unlocked
  File "<frozen importlib._bootstrap_external>", line 940, in exec_module
  File "<frozen importlib._bootstrap>", line 241, in _call_with_frames_removed
  File "D:\Documentos\Aplicacion Embriones\backend\app\main.py", line 12, in <module>
    from .presentation.api.v1.router import api_router
  File "D:\Documentos\Aplicacion Embriones\backend\app\presentation\api\v1\router.py", line 6, in <module>
    from .endpoints import auth, donadoras, drafts, opu, fecundacion, transferencia, gfe, fotos
  File "D:\Documentos\Aplicacion Embriones\backend\app\presentation\api\v1\endpoints\__init__.py", line 4, in <module>
    from . import auth, donadoras, drafts, opu, fecundacion, transferencia, gfe, fotos
  File "D:\Documentos\Aplicacion Embriones\backend\app\presentation\api\v1\endpoints\donadoras.py", line 14, in <module>
    from app.core.cloudinary_service import upload_image, delete_image
  File "D:\Documentos\Aplicacion Embriones\backend\app\core\cloudinary_service.py", line 5, in <module>
    import cloudinary
ModuleNotFoundError: No module named 'cloudinary'
WARNING:  WatchFiles detected changes in 'app\application\schemas\opu_schema.py'. Reloading...
Process SpawnProcess-5:
Traceback (most recent call last):
  File "C:\Program Files\WindowsApps\PythonSoftwareFoundation.Python.3.11_3.11.2544.0_x64__qbz5n2kfra8p0\Lib\multiprocessing\process.py", line 314, in _bootstrap
    self.run()
  File "C:\Program Files\WindowsApps\PythonSoftwareFoundation.Python.3.11_3.11.2544.0_x64__qbz5n2kfra8p0\Lib\multiprocessing\process.py", line 108, in run
    self._target(*self._args, **self._kwargs)
  File "D:\Documentos\Aplicacion Embriones\backend\venv\Lib\site-packages\uvicorn\_subprocess.py", line 80, in subprocess_started
    target(sockets=sockets)
  File "D:\Documentos\Aplicacion Embriones\backend\venv\Lib\site-packages\uvicorn\server.py", line 65, in run
    return asyncio.run(self.serve(sockets=sockets))
           ^^^^^^^^^^^^^^^^^^^^^^^^^^^^^^^^^^^^^^^^
  File "C:\Program Files\WindowsApps\PythonSoftwareFoundation.Python.3.11_3.11.2544.0_x64__qbz5n2kfra8p0\Lib\asyncio\runners.py", line 190, in run
    return runner.run(main)
           ^^^^^^^^^^^^^^^^
  File "C:\Program Files\WindowsApps\PythonSoftwareFoundation.Python.3.11_3.11.2544.0_x64__qbz5n2kfra8p0\Lib\asyncio\runners.py", line 118, in run
    return self._loop.run_until_complete(task)
           ^^^^^^^^^^^^^^^^^^^^^^^^^^^^^^^^^^^
  File "C:\Program Files\WindowsApps\PythonSoftwareFoundation.Python.3.11_3.11.2544.0_x64__qbz5n2kfra8p0\Lib\asyncio\base_events.py", line 654, in run_until_complete
    return future.result()
           ^^^^^^^^^^^^^^^
  File "D:\Documentos\Aplicacion Embriones\backend\venv\Lib\site-packages\uvicorn\server.py", line 69, in serve
    await self._serve(sockets)
  File "D:\Documentos\Aplicacion Embriones\backend\venv\Lib\site-packages\uvicorn\server.py", line 76, in _serve
    config.load()
  File "D:\Documentos\Aplicacion Embriones\backend\venv\Lib\site-packages\uvicorn\config.py", line 434, in load
    self.loaded_app = import_from_string(self.app)
                      ^^^^^^^^^^^^^^^^^^^^^^^^^^^^
  File "D:\Documentos\Aplicacion Embriones\backend\venv\Lib\site-packages\uvicorn\importer.py", line 22, in import_from_string
    raise exc from None
  File "D:\Documentos\Aplicacion Embriones\backend\venv\Lib\site-packages\uvicorn\importer.py", line 19, in import_from_string
    module = importlib.import_module(module_str)
             ^^^^^^^^^^^^^^^^^^^^^^^^^^^^^^^^^^^
  File "C:\Program Files\WindowsApps\PythonSoftwareFoundation.Python.3.11_3.11.2544.0_x64__qbz5n2kfra8p0\Lib\importlib\__init__.py", line 126, in import_module
    return _bootstrap._gcd_import(name[level:], package, level)
           ^^^^^^^^^^^^^^^^^^^^^^^^^^^^^^^^^^^^^^^^^^^^^^^^^^^^
  File "<frozen importlib._bootstrap>", line 1204, in _gcd_import
  File "<frozen importlib._bootstrap>", line 1176, in _find_and_load
  File "<frozen importlib._bootstrap>", line 1147, in _find_and_load_unlocked
  File "<frozen importlib._bootstrap>", line 690, in _load_unlocked
  File "<frozen importlib._bootstrap_external>", line 940, in exec_module
  File "<frozen importlib._bootstrap>", line 241, in _call_with_frames_removed
  File "D:\Documentos\Aplicacion Embriones\backend\app\main.py", line 12, in <module>
    from .presentation.api.v1.router import api_router
  File "D:\Documentos\Aplicacion Embriones\backend\app\presentation\api\v1\router.py", line 6, in <module>
    from .endpoints import auth, donadoras, drafts, opu, fecundacion, transferencia, gfe, fotos
  File "D:\Documentos\Aplicacion Embriones\backend\app\presentation\api\v1\endpoints\__init__.py", line 4, in <module>
    from . import auth, donadoras, drafts, opu, fecundacion, transferencia, gfe, fotos
  File "D:\Documentos\Aplicacion Embriones\backend\app\presentation\api\v1\endpoints\donadoras.py", line 14, in <module>
    from app.core.cloudinary_service import upload_image, delete_image
  File "D:\Documentos\Aplicacion Embriones\backend\app\core\cloudinary_service.py", line 5, in <module>
    import cloudinary
ModuleNotFoundError: No module named 'cloudinary'
WARNING:  WatchFiles detected changes in 'app\infrastructure\database\models.py'. Reloading...
Process SpawnProcess-6:
Traceback (most recent call last):
  File "C:\Program Files\WindowsApps\PythonSoftwareFoundation.Python.3.11_3.11.2544.0_x64__qbz5n2kfra8p0\Lib\multiprocessing\process.py", line 314, in _bootstrap
    self.run()
  File "C:\Program Files\WindowsApps\PythonSoftwareFoundation.Python.3.11_3.11.2544.0_x64__qbz5n2kfra8p0\Lib\multiprocessing\process.py", line 108, in run
    self._target(*self._args, **self._kwargs)
  File "D:\Documentos\Aplicacion Embriones\backend\venv\Lib\site-packages\uvicorn\_subprocess.py", line 80, in subprocess_started
    target(sockets=sockets)
  File "D:\Documentos\Aplicacion Embriones\backend\venv\Lib\site-packages\uvicorn\server.py", line 65, in run
    return asyncio.run(self.serve(sockets=sockets))
           ^^^^^^^^^^^^^^^^^^^^^^^^^^^^^^^^^^^^^^^^
  File "C:\Program Files\WindowsApps\PythonSoftwareFoundation.Python.3.11_3.11.2544.0_x64__qbz5n2kfra8p0\Lib\asyncio\runners.py", line 190, in run
    return runner.run(main)
           ^^^^^^^^^^^^^^^^
  File "C:\Program Files\WindowsApps\PythonSoftwareFoundation.Python.3.11_3.11.2544.0_x64__qbz5n2kfra8p0\Lib\asyncio\runners.py", line 118, in run
    return self._loop.run_until_complete(task)
           ^^^^^^^^^^^^^^^^^^^^^^^^^^^^^^^^^^^
  File "C:\Program Files\WindowsApps\PythonSoftwareFoundation.Python.3.11_3.11.2544.0_x64__qbz5n2kfra8p0\Lib\asyncio\base_events.py", line 654, in run_until_complete
    return future.result()
           ^^^^^^^^^^^^^^^
  File "D:\Documentos\Aplicacion Embriones\backend\venv\Lib\site-packages\uvicorn\server.py", line 69, in serve
    await self._serve(sockets)
  File "D:\Documentos\Aplicacion Embriones\backend\venv\Lib\site-packages\uvicorn\server.py", line 76, in _serve
    config.load()
  File "D:\Documentos\Aplicacion Embriones\backend\venv\Lib\site-packages\uvicorn\config.py", line 434, in load
    self.loaded_app = import_from_string(self.app)
                      ^^^^^^^^^^^^^^^^^^^^^^^^^^^^
  File "D:\Documentos\Aplicacion Embriones\backend\venv\Lib\site-packages\uvicorn\importer.py", line 22, in import_from_string
    raise exc from None
  File "D:\Documentos\Aplicacion Embriones\backend\venv\Lib\site-packages\uvicorn\importer.py", line 19, in import_from_string
    module = importlib.import_module(module_str)
             ^^^^^^^^^^^^^^^^^^^^^^^^^^^^^^^^^^^
  File "C:\Program Files\WindowsApps\PythonSoftwareFoundation.Python.3.11_3.11.2544.0_x64__qbz5n2kfra8p0\Lib\importlib\__init__.py", line 126, in import_module
    return _bootstrap._gcd_import(name[level:], package, level)
           ^^^^^^^^^^^^^^^^^^^^^^^^^^^^^^^^^^^^^^^^^^^^^^^^^^^^
  File "<frozen importlib._bootstrap>", line 1204, in _gcd_import
  File "<frozen importlib._bootstrap>", line 1176, in _find_and_load
  File "<frozen importlib._bootstrap>", line 1147, in _find_and_load_unlocked
  File "<frozen importlib._bootstrap>", line 690, in _load_unlocked
  File "<frozen importlib._bootstrap_external>", line 940, in exec_module
  File "<frozen importlib._bootstrap>", line 241, in _call_with_frames_removed
  File "D:\Documentos\Aplicacion Embriones\backend\app\main.py", line 12, in <module>
    from .presentation.api.v1.router import api_router
  File "D:\Documentos\Aplicacion Embriones\backend\app\presentation\api\v1\router.py", line 6, in <module>
    from .endpoints import auth, donadoras, drafts, opu, fecundacion, transferencia, gfe, fotos
  File "D:\Documentos\Aplicacion Embriones\backend\app\presentation\api\v1\endpoints\__init__.py", line 4, in <module>
    from . import auth, donadoras, drafts, opu, fecundacion, transferencia, gfe, fotos
  File "D:\Documentos\Aplicacion Embriones\backend\app\presentation\api\v1\endpoints\donadoras.py", line 14, in <module>
    from app.core.cloudinary_service import upload_image, delete_image
  File "D:\Documentos\Aplicacion Embriones\backend\app\core\cloudinary_service.py", line 5, in <module>
    import cloudinary
ModuleNotFoundError: No module named 'cloudinary'
WARNING:  WatchFiles detected changes in 'app\application\schemas\transferencia_schema.py'. Reloading...
Process SpawnProcess-7:
Traceback (most recent call last):
  File "C:\Program Files\WindowsApps\PythonSoftwareFoundation.Python.3.11_3.11.2544.0_x64__qbz5n2kfra8p0\Lib\multiprocessing\process.py", line 314, in _bootstrap
    self.run()
  File "C:\Program Files\WindowsApps\PythonSoftwareFoundation.Python.3.11_3.11.2544.0_x64__qbz5n2kfra8p0\Lib\multiprocessing\process.py", line 108, in run
    self._target(*self._args, **self._kwargs)
  File "D:\Documentos\Aplicacion Embriones\backend\venv\Lib\site-packages\uvicorn\_subprocess.py", line 80, in subprocess_started
    target(sockets=sockets)
  File "D:\Documentos\Aplicacion Embriones\backend\venv\Lib\site-packages\uvicorn\server.py", line 65, in run
    return asyncio.run(self.serve(sockets=sockets))
           ^^^^^^^^^^^^^^^^^^^^^^^^^^^^^^^^^^^^^^^^
  File "C:\Program Files\WindowsApps\PythonSoftwareFoundation.Python.3.11_3.11.2544.0_x64__qbz5n2kfra8p0\Lib\asyncio\runners.py", line 190, in run
    return runner.run(main)
           ^^^^^^^^^^^^^^^^
  File "C:\Program Files\WindowsApps\PythonSoftwareFoundation.Python.3.11_3.11.2544.0_x64__qbz5n2kfra8p0\Lib\asyncio\runners.py", line 118, in run
    return self._loop.run_until_complete(task)
           ^^^^^^^^^^^^^^^^^^^^^^^^^^^^^^^^^^^
  File "C:\Program Files\WindowsApps\PythonSoftwareFoundation.Python.3.11_3.11.2544.0_x64__qbz5n2kfra8p0\Lib\asyncio\base_events.py", line 654, in run_until_complete
    return future.result()
           ^^^^^^^^^^^^^^^
  File "D:\Documentos\Aplicacion Embriones\backend\venv\Lib\site-packages\uvicorn\server.py", line 69, in serve
    await self._serve(sockets)
  File "D:\Documentos\Aplicacion Embriones\backend\venv\Lib\site-packages\uvicorn\server.py", line 76, in _serve
    config.load()
  File "D:\Documentos\Aplicacion Embriones\backend\venv\Lib\site-packages\uvicorn\config.py", line 434, in load
    self.loaded_app = import_from_string(self.app)
                      ^^^^^^^^^^^^^^^^^^^^^^^^^^^^
  File "D:\Documentos\Aplicacion Embriones\backend\venv\Lib\site-packages\uvicorn\importer.py", line 22, in import_from_string
    raise exc from None
  File "D:\Documentos\Aplicacion Embriones\backend\venv\Lib\site-packages\uvicorn\importer.py", line 19, in import_from_string
    module = importlib.import_module(module_str)
             ^^^^^^^^^^^^^^^^^^^^^^^^^^^^^^^^^^^
  File "C:\Program Files\WindowsApps\PythonSoftwareFoundation.Python.3.11_3.11.2544.0_x64__qbz5n2kfra8p0\Lib\importlib\__init__.py", line 126, in import_module
    return _bootstrap._gcd_import(name[level:], package, level)
           ^^^^^^^^^^^^^^^^^^^^^^^^^^^^^^^^^^^^^^^^^^^^^^^^^^^^
  File "<frozen importlib._bootstrap>", line 1204, in _gcd_import
  File "<frozen importlib._bootstrap>", line 1176, in _find_and_load
  File "<frozen importlib._bootstrap>", line 1147, in _find_and_load_unlocked
  File "<frozen importlib._bootstrap>", line 690, in _load_unlocked
  File "<frozen importlib._bootstrap_external>", line 940, in exec_module
  File "<frozen importlib._bootstrap>", line 241, in _call_with_frames_removed
  File "D:\Documentos\Aplicacion Embriones\backend\app\main.py", line 12, in <module>
    from .presentation.api.v1.router import api_router
  File "D:\Documentos\Aplicacion Embriones\backend\app\presentation\api\v1\router.py", line 6, in <module>
    from .endpoints import auth, donadoras, drafts, opu, fecundacion, transferencia, gfe, fotos
  File "D:\Documentos\Aplicacion Embriones\backend\app\presentation\api\v1\endpoints\__init__.py", line 4, in <module>
    from . import auth, donadoras, drafts, opu, fecundacion, transferencia, gfe, fotos
  File "D:\Documentos\Aplicacion Embriones\backend\app\presentation\api\v1\endpoints\donadoras.py", line 14, in <module>
    from app.core.cloudinary_service import upload_image, delete_image
  File "D:\Documentos\Aplicacion Embriones\backend\app\core\cloudinary_service.py", line 5, in <module>
    import cloudinary
ModuleNotFoundError: No module named 'cloudinary'
WARNING:  WatchFiles detected changes in 'app\infrastructure\database\models.py'. Reloading...
Process SpawnProcess-8:
Traceback (most recent call last):
  File "C:\Program Files\WindowsApps\PythonSoftwareFoundation.Python.3.11_3.11.2544.0_x64__qbz5n2kfra8p0\Lib\multiprocessing\process.py", line 314, in _bootstrap
    self.run()
  File "C:\Program Files\WindowsApps\PythonSoftwareFoundation.Python.3.11_3.11.2544.0_x64__qbz5n2kfra8p0\Lib\multiprocessing\process.py", line 108, in run
    self._target(*self._args, **self._kwargs)
  File "D:\Documentos\Aplicacion Embriones\backend\venv\Lib\site-packages\uvicorn\_subprocess.py", line 80, in subprocess_started
    target(sockets=sockets)
  File "D:\Documentos\Aplicacion Embriones\backend\venv\Lib\site-packages\uvicorn\server.py", line 65, in run
    return asyncio.run(self.serve(sockets=sockets))
           ^^^^^^^^^^^^^^^^^^^^^^^^^^^^^^^^^^^^^^^^
  File "C:\Program Files\WindowsApps\PythonSoftwareFoundation.Python.3.11_3.11.2544.0_x64__qbz5n2kfra8p0\Lib\asyncio\runners.py", line 190, in run
    return runner.run(main)
           ^^^^^^^^^^^^^^^^
  File "C:\Program Files\WindowsApps\PythonSoftwareFoundation.Python.3.11_3.11.2544.0_x64__qbz5n2kfra8p0\Lib\asyncio\runners.py", line 118, in run
    return self._loop.run_until_complete(task)
           ^^^^^^^^^^^^^^^^^^^^^^^^^^^^^^^^^^^
  File "C:\Program Files\WindowsApps\PythonSoftwareFoundation.Python.3.11_3.11.2544.0_x64__qbz5n2kfra8p0\Lib\asyncio\base_events.py", line 654, in run_until_complete
    return future.result()
           ^^^^^^^^^^^^^^^
  File "D:\Documentos\Aplicacion Embriones\backend\venv\Lib\site-packages\uvicorn\server.py", line 69, in serve
    await self._serve(sockets)
  File "D:\Documentos\Aplicacion Embriones\backend\venv\Lib\site-packages\uvicorn\server.py", line 76, in _serve
    config.load()
  File "D:\Documentos\Aplicacion Embriones\backend\venv\Lib\site-packages\uvicorn\config.py", line 434, in load
    self.loaded_app = import_from_string(self.app)
                      ^^^^^^^^^^^^^^^^^^^^^^^^^^^^
  File "D:\Documentos\Aplicacion Embriones\backend\venv\Lib\site-packages\uvicorn\importer.py", line 22, in import_from_string
    raise exc from None
  File "D:\Documentos\Aplicacion Embriones\backend\venv\Lib\site-packages\uvicorn\importer.py", line 19, in import_from_string
    module = importlib.import_module(module_str)
             ^^^^^^^^^^^^^^^^^^^^^^^^^^^^^^^^^^^
  File "C:\Program Files\WindowsApps\PythonSoftwareFoundation.Python.3.11_3.11.2544.0_x64__qbz5n2kfra8p0\Lib\importlib\__init__.py", line 126, in import_module
    return _bootstrap._gcd_import(name[level:], package, level)
           ^^^^^^^^^^^^^^^^^^^^^^^^^^^^^^^^^^^^^^^^^^^^^^^^^^^^
  File "<frozen importlib._bootstrap>", line 1204, in _gcd_import
  File "<frozen importlib._bootstrap>", line 1176, in _find_and_load
  File "<frozen importlib._bootstrap>", line 1147, in _find_and_load_unlocked
  File "<frozen importlib._bootstrap>", line 690, in _load_unlocked
  File "<frozen importlib._bootstrap_external>", line 940, in exec_module
  File "<frozen importlib._bootstrap>", line 241, in _call_with_frames_removed
  File "D:\Documentos\Aplicacion Embriones\backend\app\main.py", line 12, in <module>
    from .presentation.api.v1.router import api_router
  File "D:\Documentos\Aplicacion Embriones\backend\app\presentation\api\v1\router.py", line 6, in <module>
    from .endpoints import auth, donadoras, drafts, opu, fecundacion, transferencia, gfe, fotos
  File "D:\Documentos\Aplicacion Embriones\backend\app\presentation\api\v1\endpoints\__init__.py", line 4, in <module>
    from . import auth, donadoras, drafts, opu, fecundacion, transferencia, gfe, fotos
  File "D:\Documentos\Aplicacion Embriones\backend\app\presentation\api\v1\endpoints\donadoras.py", line 14, in <module>
    from app.core.cloudinary_service import upload_image, delete_image
  File "D:\Documentos\Aplicacion Embriones\backend\app\core\cloudinary_service.py", line 5, in <module>
    import cloudinary
ModuleNotFoundError: No module named 'cloudinary'
WARNING:  WatchFiles detected changes in 'app\application\schemas\transferencia_schema.py'. Reloading...
Process SpawnProcess-9:
Traceback (most recent call last):
  File "C:\Program Files\WindowsApps\PythonSoftwareFoundation.Python.3.11_3.11.2544.0_x64__qbz5n2kfra8p0\Lib\multiprocessing\process.py", line 314, in _bootstrap
    self.run()
  File "C:\Program Files\WindowsApps\PythonSoftwareFoundation.Python.3.11_3.11.2544.0_x64__qbz5n2kfra8p0\Lib\multiprocessing\process.py", line 108, in run
    self._target(*self._args, **self._kwargs)
  File "D:\Documentos\Aplicacion Embriones\backend\venv\Lib\site-packages\uvicorn\_subprocess.py", line 80, in subprocess_started
    target(sockets=sockets)
  File "D:\Documentos\Aplicacion Embriones\backend\venv\Lib\site-packages\uvicorn\server.py", line 65, in run
    return asyncio.run(self.serve(sockets=sockets))
           ^^^^^^^^^^^^^^^^^^^^^^^^^^^^^^^^^^^^^^^^
  File "C:\Program Files\WindowsApps\PythonSoftwareFoundation.Python.3.11_3.11.2544.0_x64__qbz5n2kfra8p0\Lib\asyncio\runners.py", line 190, in run
    return runner.run(main)
           ^^^^^^^^^^^^^^^^
  File "C:\Program Files\WindowsApps\PythonSoftwareFoundation.Python.3.11_3.11.2544.0_x64__qbz5n2kfra8p0\Lib\asyncio\runners.py", line 118, in run
    return self._loop.run_until_complete(task)
           ^^^^^^^^^^^^^^^^^^^^^^^^^^^^^^^^^^^
  File "C:\Program Files\WindowsApps\PythonSoftwareFoundation.Python.3.11_3.11.2544.0_x64__qbz5n2kfra8p0\Lib\asyncio\base_events.py", line 654, in run_until_complete
    return future.result()
           ^^^^^^^^^^^^^^^
  File "D:\Documentos\Aplicacion Embriones\backend\venv\Lib\site-packages\uvicorn\server.py", line 69, in serve
    await self._serve(sockets)
  File "D:\Documentos\Aplicacion Embriones\backend\venv\Lib\site-packages\uvicorn\server.py", line 76, in _serve
    config.load()
  File "D:\Documentos\Aplicacion Embriones\backend\venv\Lib\site-packages\uvicorn\config.py", line 434, in load
    self.loaded_app = import_from_string(self.app)
                      ^^^^^^^^^^^^^^^^^^^^^^^^^^^^
  File "D:\Documentos\Aplicacion Embriones\backend\venv\Lib\site-packages\uvicorn\importer.py", line 22, in import_from_string
    raise exc from None
  File "D:\Documentos\Aplicacion Embriones\backend\venv\Lib\site-packages\uvicorn\importer.py", line 19, in import_from_string
    module = importlib.import_module(module_str)
             ^^^^^^^^^^^^^^^^^^^^^^^^^^^^^^^^^^^
  File "C:\Program Files\WindowsApps\PythonSoftwareFoundation.Python.3.11_3.11.2544.0_x64__qbz5n2kfra8p0\Lib\importlib\__init__.py", line 126, in import_module
    return _bootstrap._gcd_import(name[level:], package, level)
           ^^^^^^^^^^^^^^^^^^^^^^^^^^^^^^^^^^^^^^^^^^^^^^^^^^^^
  File "<frozen importlib._bootstrap>", line 1204, in _gcd_import
  File "<frozen importlib._bootstrap>", line 1176, in _find_and_load
  File "<frozen importlib._bootstrap>", line 1147, in _find_and_load_unlocked
  File "<frozen importlib._bootstrap>", line 690, in _load_unlocked
  File "<frozen importlib._bootstrap_external>", line 940, in exec_module
  File "<frozen importlib._bootstrap>", line 241, in _call_with_frames_removed
  File "D:\Documentos\Aplicacion Embriones\backend\app\main.py", line 12, in <module>
    from .presentation.api.v1.router import api_router
  File "D:\Documentos\Aplicacion Embriones\backend\app\presentation\api\v1\router.py", line 6, in <module>
    from .endpoints import auth, donadoras, drafts, opu, fecundacion, transferencia, gfe, fotos
  File "D:\Documentos\Aplicacion Embriones\backend\app\presentation\api\v1\endpoints\__init__.py", line 4, in <module>
    from . import auth, donadoras, drafts, opu, fecundacion, transferencia, gfe, fotos
  File "D:\Documentos\Aplicacion Embriones\backend\app\presentation\api\v1\endpoints\donadoras.py", line 14, in <module>
    from app.core.cloudinary_service import upload_image, delete_image
  File "D:\Documentos\Aplicacion Embriones\backend\app\core\cloudinary_service.py", line 5, in <module>
    import cloudinary
ModuleNotFoundError: No module named 'cloudinary'
WARNING:  WatchFiles detected changes in 'app\application\schemas\transferencia_schema.py'. Reloading...
Process SpawnProcess-10:
Traceback (most recent call last):
  File "C:\Program Files\WindowsApps\PythonSoftwareFoundation.Python.3.11_3.11.2544.0_x64__qbz5n2kfra8p0\Lib\multiprocessing\process.py", line 314, in _bootstrap
    self.run()
  File "C:\Program Files\WindowsApps\PythonSoftwareFoundation.Python.3.11_3.11.2544.0_x64__qbz5n2kfra8p0\Lib\multiprocessing\process.py", line 108, in run
    self._target(*self._args, **self._kwargs)
  File "D:\Documentos\Aplicacion Embriones\backend\venv\Lib\site-packages\uvicorn\_subprocess.py", line 80, in subprocess_started
    target(sockets=sockets)
  File "D:\Documentos\Aplicacion Embriones\backend\venv\Lib\site-packages\uvicorn\server.py", line 65, in run
    return asyncio.run(self.serve(sockets=sockets))
           ^^^^^^^^^^^^^^^^^^^^^^^^^^^^^^^^^^^^^^^^
  File "C:\Program Files\WindowsApps\PythonSoftwareFoundation.Python.3.11_3.11.2544.0_x64__qbz5n2kfra8p0\Lib\asyncio\runners.py", line 190, in run
    return runner.run(main)
           ^^^^^^^^^^^^^^^^
  File "C:\Program Files\WindowsApps\PythonSoftwareFoundation.Python.3.11_3.11.2544.0_x64__qbz5n2kfra8p0\Lib\asyncio\runners.py", line 118, in run
    return self._loop.run_until_complete(task)
           ^^^^^^^^^^^^^^^^^^^^^^^^^^^^^^^^^^^
  File "C:\Program Files\WindowsApps\PythonSoftwareFoundation.Python.3.11_3.11.2544.0_x64__qbz5n2kfra8p0\Lib\asyncio\base_events.py", line 654, in run_until_complete
    return future.result()
           ^^^^^^^^^^^^^^^
  File "D:\Documentos\Aplicacion Embriones\backend\venv\Lib\site-packages\uvicorn\server.py", line 69, in serve
    await self._serve(sockets)
  File "D:\Documentos\Aplicacion Embriones\backend\venv\Lib\site-packages\uvicorn\server.py", line 76, in _serve
    config.load()
  File "D:\Documentos\Aplicacion Embriones\backend\venv\Lib\site-packages\uvicorn\config.py", line 434, in load
    self.loaded_app = import_from_string(self.app)
                      ^^^^^^^^^^^^^^^^^^^^^^^^^^^^
  File "D:\Documentos\Aplicacion Embriones\backend\venv\Lib\site-packages\uvicorn\importer.py", line 22, in import_from_string
    raise exc from None
  File "D:\Documentos\Aplicacion Embriones\backend\venv\Lib\site-packages\uvicorn\importer.py", line 19, in import_from_string
    module = importlib.import_module(module_str)
             ^^^^^^^^^^^^^^^^^^^^^^^^^^^^^^^^^^^
  File "C:\Program Files\WindowsApps\PythonSoftwareFoundation.Python.3.11_3.11.2544.0_x64__qbz5n2kfra8p0\Lib\importlib\__init__.py", line 126, in import_module
    return _bootstrap._gcd_import(name[level:], package, level)
           ^^^^^^^^^^^^^^^^^^^^^^^^^^^^^^^^^^^^^^^^^^^^^^^^^^^^
  File "<frozen importlib._bootstrap>", line 1204, in _gcd_import
  File "<frozen importlib._bootstrap>", line 1176, in _find_and_load
  File "<frozen importlib._bootstrap>", line 1147, in _find_and_load_unlocked
  File "<frozen importlib._bootstrap>", line 690, in _load_unlocked
  File "<frozen importlib._bootstrap_external>", line 940, in exec_module
  File "<frozen importlib._bootstrap>", line 241, in _call_with_frames_removed
  File "D:\Documentos\Aplicacion Embriones\backend\app\main.py", line 12, in <module>
    from .presentation.api.v1.router import api_router
  File "D:\Documentos\Aplicacion Embriones\backend\app\presentation\api\v1\router.py", line 6, in <module>
    from .endpoints import auth, donadoras, drafts, opu, fecundacion, transferencia, gfe, fotos
  File "D:\Documentos\Aplicacion Embriones\backend\app\presentation\api\v1\endpoints\__init__.py", line 4, in <module>
    from . import auth, donadoras, drafts, opu, fecundacion, transferencia, gfe, fotos
  File "D:\Documentos\Aplicacion Embriones\backend\app\presentation\api\v1\endpoints\donadoras.py", line 14, in <module>
    from app.core.cloudinary_service import upload_image, delete_image
  File "D:\Documentos\Aplicacion Embriones\backend\app\core\cloudinary_service.py", line 5, in <module>
    import cloudinary
ModuleNotFoundError: No module named 'cloudinary'
WARNING:  WatchFiles detected changes in 'venv\Lib\site-packages\cloudinary\api_client\__init__.py', 'venv\Lib\site-packages\cloudinary\compat.py', 'venv\Lib\site-packages\cloudinary\uploader.py', 'venv\Lib\site-packages\cloudinary\api.py', 'venv\Lib\site-packages\cloudinary\cache\storage\key_value_storage.py', 'venv\Lib\site-packages\cloudinary\provisioning\__init__.py', 'venv\Lib\site-packages\cloudinary\__init__.py', 'venv\Lib\site-packages\cloudinary\api_client\call_api.py', 'venv\Lib\site-packages\cloudinary\cache\storage\__init__.py', 'venv\Lib\site-packages\cloudinary\cache\adapter\__init__.py', 'venv\Lib\site-packages\cloudinary\api_client\tcp_keep_alive_manager.py', 'venv\Lib\site-packages\cloudinary\poster\streaminghttp.py', 'venv\Lib\site-packages\cloudinary\cache\responsive_breakpoints_cache.py', 'venv\Lib\site-packages\cloudinary\exceptions.py', 'venv\Lib\site-packages\cloudinary\search_folders.py', 'venv\Lib\site-packages\cloudinary\cache\adapter\key_value_cache_adapter.py', 'venv\Lib\site-packages\cloudinary\search.py', 'venv\Lib\site-packages\cloudinary\provisioning\account.py', 'venv\Lib\site-packages\cloudinary\provisioning\account_config.py', 'venv\Lib\site-packages\cloudinary\poster\encode.py', 'venv\Lib\site-packages\cloudinary\http_client.py', 'venv\Lib\site-packages\cloudinary\cache\storage\file_system_key_value_storage.py', 'venv\Lib\site-packages\cloudinary\auth_token.py', 'venv\Lib\site-packages\cloudinary\forms.py', 'venv\Lib\site-packages\cloudinary\models.py', 'venv\Lib\site-packages\cloudinary\utils.py', 'venv\Lib\site-packages\cloudinary\cache\__init__.py', 'venv\Lib\site-packages\cloudinary\templatetags\__init__.py', 'venv\Lib\site-packages\cloudinary\templatetags\cloudinary.py', 'venv\Lib\site-packages\cloudinary\cache\adapter\cache_adapter.py', 'venv\Lib\site-packages\cloudinary\api_client\execute_request.py', 'venv\Lib\site-packages\cloudinary\poster\__init__.py', 'venv\Lib\site-packages\cloudinary\api_client\call_account_api.py'. Reloading...
INFO:     Started server process [15040]
INFO:     Waiting for application startup.
INFO:     Application startup complete.
WARNING:  WatchFiles detected changes in 'app\main.py'. Reloading...
